1717620142008	geckodriver	INFO	Listening on 127.0.0.1:57077
1717620145049	mozrunner::runner	INFO	Running command: "C:\\Program Files\\Mozilla Firefox\\firefox.exe" "--marionette" "--remote-debugging-port" "57078" "--remote-allow-hosts" "localhost" "-no-remote" "-profile" "C:\\Users\\golf3\\AppData\\Local\\Temp\\rust_mozprofilei0axaf"
console.warn: services.settings: Ignoring preference override of remote settings server
console.warn: services.settings: Allow by setting MOZ_REMOTE_SETTINGS_DEVTOOLS=1 in the environment
Dynamically enable window occlusion 0
1717620145243	Marionette	INFO	Marionette enabled
1717620145287	Marionette	INFO	Listening on port 57085
WebDriver BiDi listening on ws://127.0.0.1:57078
Read port: 57085
1717620145395	RemoteAgent	WARN	TLS certificate errors will be ignored for this session
DevTools listening on ws://127.0.0.1:57078/devtools/browser/cc77913e-362e-49ec-9d96-96d4ade34b40
console.error: BackupService: "Failed to measure for resource: miscellaneous" (new NotFoundError("Could not stat `C:\\Users\\golf3\\AppData\\Local\\Temp\\rust_mozprofilei0axaf\\storage\\permanent\\chrome\\idb\\2918063365piupsah.sqlite-journal': file does not exist (NS_ERROR_FILE_NOT_FOUND)", (void 0)))
Exiting due to channel error.
Exiting due to channel error.
Exiting due to channel error.
1717620311904	geckodriver	INFO	Listening on 127.0.0.1:57167
1717620314960	mozrunner::runner	INFO	Running command: "C:\\Program Files\\Mozilla Firefox\\firefox.exe" "--marionette" "--remote-debugging-port" "57168" "--remote-allow-hosts" "localhost" "-no-remote" "-profile" "C:\\Users\\golf3\\AppData\\Local\\Temp\\rust_mozprofileKeJRGI"
console.warn: services.settings: Ignoring preference override of remote settings server
console.warn: services.settings: Allow by setting MOZ_REMOTE_SETTINGS_DEVTOOLS=1 in the environment
Dynamically enable window occlusion 0
1717620315145	Marionette	INFO	Marionette enabled
1717620315187	Marionette	INFO	Listening on port 57175
WebDriver BiDi listening on ws://127.0.0.1:57168
Read port: 57175
1717620315296	RemoteAgent	WARN	TLS certificate errors will be ignored for this session
DevTools listening on ws://127.0.0.1:57168/devtools/browser/ba3b247f-a8a0-4688-a0f7-bcc8516e0aec
1717620317907	Marionette	WARN	Ignoring event 'DOMContentLoaded' because document has an invalid readyState of 'complete'.
JavaScript warning: https://www.google.com/js/th/VrBmDepD36QM8NT_x8JgUX-5bgPMOWwOCLvNueWdGWw.js line 2 > eval line 4656 > eval line 1 > eval line 1 > eval, line 1: WEBGL_debug_renderer_info is deprecated in Firefox and will be removed. Please use RENDERER.
JavaScript warning: https://www.youtube.com/s/player/e056da8e/player_ias.vflset/en_US/base.js, line 10814: Script terminated by timeout at:
g.k.L@https://www.youtube.com/s/player/e056da8e/player_ias.vflset/en_US/base.js:10814:698
g.k.Fr@https://www.youtube.com/s/player/e056da8e/player_ias.vflset/en_US/captions.js:278:42
g.k.Fr@https://www.youtube.com/s/player/e056da8e/player_ias.vflset/en_US/base.js:11540:62
g.k.Fr@https://www.youtube.com/s/player/e056da8e/player_ias.vflset/en_US/base.js:13210:33
g.k.Fr@https://www.youtube.com/s/player/e056da8e/player_ias.vflset/en_US/base.js:13163:34
qeb@https://www.youtube.com/s/player/e056da8e/player_ias.vflset/en_US/base.js:7046:28
X_@https://www.youtube.com/s/player/e056da8e/player_ias.vflset/en_US/base.js:7049:46
Y_@https://www.youtube.com/s/player/e056da8e/player_ias.vflset/en_US/base.js:6987:387
Beb@https://www.youtube.com/s/player/e056da8e/player_ias.vflset/en_US/base.js:7061:121
g.y0/this.Kf@https://www.youtube.com/s/player/e056da8e/player_ias.vflset/en_US/base.js:7213:381
g.k.publish@https://www.youtube.com/s/player/e056da8e/player_ias.vflset/en_US/base.js:8732:288
g.VE.prototype.publish@https://www.youtube.com/s/player/e056da8e/player_ias.vflset/en_US/base.js:9120:74
g.k.Kf@https://www.youtube.com/s/player/e056da8e/player_ias.vflset/en_US/base.js:12205:205
z5a/this.G@https://www.youtube.com/s/player/e056da8e/player_ias.vflset/en_US/base.js:6064:146

1717620324651	Marionette	INFO	Stopped listening on port 57175
Dynamically enable window occlusion 1
1717620326868	geckodriver	INFO	Listening on 127.0.0.1:57258
1717620329910	mozrunner::runner	INFO	Running command: "C:\\Program Files\\Mozilla Firefox\\firefox.exe" "--marionette" "--remote-debugging-port" "57259" "--remote-allow-hosts" "localhost" "-no-remote" "-profile" "C:\\Users\\golf3\\AppData\\Local\\Temp\\rust_mozprofileZaCnxE"
console.warn: services.settings: Ignoring preference override of remote settings server
console.warn: services.settings: Allow by setting MOZ_REMOTE_SETTINGS_DEVTOOLS=1 in the environment
Dynamically enable window occlusion 0
1717620330100	Marionette	INFO	Marionette enabled
1717620330142	Marionette	INFO	Listening on port 57266
WebDriver BiDi listening on ws://127.0.0.1:57259
Read port: 57266
1717620330251	RemoteAgent	WARN	TLS certificate errors will be ignored for this session
DevTools listening on ws://127.0.0.1:57259/devtools/browser/5380b869-3df3-460c-8683-2627136866bd
1717620332815	Marionette	WARN	Ignoring event 'DOMContentLoaded' because document has an invalid readyState of 'complete'.
[Child 15224, MediaDecoderStateMachine #1] WARNING: Decoder=247dbe10000 state=DECODING_METADATA Decode metadata failed, shutting down decoder: file /builds/worker/checkouts/gecko/dom/media/MediaDecoderStateMachine.cpp:372
[Child 15224, MediaDecoderStateMachine #1] WARNING: Decoder=247dbe10000 Decode error: NS_ERROR_DOM_MEDIA_METADATA_ERR (0x806e0006) - static MP4Metadata::ResultAndByteBuffer __cdecl mozilla::MP4Metadata::Metadata(ByteStream *): Cannot parse metadata: file /builds/worker/checkouts/gecko/dom/media/MediaDecoderStateMachineBase.cpp:167
1717620360845	addons.xpi	ERROR	System addon update list error SyntaxError: XMLHttpRequest.open: 'http://%(server)s/dummy-system-addons.xml' is not a valid URL.
JavaScript error: resource://devtools/client/inspector/rules/utils/utils.js, line 195: TypeError: rule is undefined
JavaScript error: resource://devtools/client/inspector/rules/utils/utils.js, line 195: TypeError: rule is undefined
JavaScript error: resource://devtools/client/inspector/rules/utils/utils.js, line 195: TypeError: rule is undefined
JavaScript error: resource://devtools/client/inspector/rules/utils/utils.js, line 195: TypeError: rule is undefined
Exiting due to channel error.
Exiting due to channel error.
1717620462962	geckodriver	INFO	Listening on 127.0.0.1:57356
1717620466038	mozrunner::runner	INFO	Running command: "C:\\Program Files\\Mozilla Firefox\\firefox.exe" "--marionette" "--remote-debugging-port" "57357" "--remote-allow-hosts" "localhost" "-no-remote" "-profile" "C:\\Users\\golf3\\AppData\\Local\\Temp\\rust_mozprofileT63XrN"
console.warn: services.settings: Ignoring preference override of remote settings server
console.warn: services.settings: Allow by setting MOZ_REMOTE_SETTINGS_DEVTOOLS=1 in the environment
Dynamically enable window occlusion 0
1717620466235	Marionette	INFO	Marionette enabled
1717620466278	Marionette	INFO	Listening on port 57365
WebDriver BiDi listening on ws://127.0.0.1:57357
Read port: 57365
1717620466400	RemoteAgent	WARN	TLS certificate errors will be ignored for this session
DevTools listening on ws://127.0.0.1:57357/devtools/browser/9e2c6885-25af-4656-a911-82a17ce87a6d
1717620469114	Marionette	WARN	Ignoring event 'DOMContentLoaded' because document has an invalid readyState of 'complete'.
[Child 19212, MediaDecoderStateMachine #1] WARNING: Decoder=2030d07b000 state=DECODING_METADATA Decode metadata failed, shutting down decoder: file /builds/worker/checkouts/gecko/dom/media/MediaDecoderStateMachine.cpp:372
[Child 19212, MediaDecoderStateMachine #1] WARNING: Decoder=2030d07b000 Decode error: NS_ERROR_DOM_MEDIA_METADATA_ERR (0x806e0006) - static MP4Metadata::ResultAndByteBuffer __cdecl mozilla::MP4Metadata::Metadata(ByteStream *): Cannot parse metadata: file /builds/worker/checkouts/gecko/dom/media/MediaDecoderStateMachineBase.cpp:167
[Child 19212, MediaDecoderStateMachine #1] WARNING: Decoder=2030d079400 state=DECODING_METADATA Decode metadata failed, shutting down decoder: file /builds/worker/checkouts/gecko/dom/media/MediaDecoderStateMachine.cpp:372
[Child 19212, MediaDecoderStateMachine #1] WARNING: Decoder=2030d079400 Decode error: NS_ERROR_DOM_MEDIA_METADATA_ERR (0x806e0006) - static MP4Metadata::ResultAndByteBuffer __cdecl mozilla::MP4Metadata::Metadata(ByteStream *): Cannot parse metadata: file /builds/worker/checkouts/gecko/dom/media/MediaDecoderStateMachineBase.cpp:167
1717620496429	addons.xpi	ERROR	System addon update list error SyntaxError: XMLHttpRequest.open: 'http://%(server)s/dummy-system-addons.xml' is not a valid URL.
Exiting due to channel error.
Exiting due to channel error.
Exiting due to channel error.
1717620508537	geckodriver	INFO	Listening on 127.0.0.1:57434
1717620511591	mozrunner::runner	INFO	Running command: "C:\\Program Files\\Mozilla Firefox\\firefox.exe" "--marionette" "--remote-debugging-port" "57435" "--remote-allow-hosts" "localhost" "-no-remote" "-profile" "C:\\Users\\golf3\\AppData\\Local\\Temp\\rust_mozprofileGuYYEV"
console.warn: services.settings: Ignoring preference override of remote settings server
console.warn: services.settings: Allow by setting MOZ_REMOTE_SETTINGS_DEVTOOLS=1 in the environment
Dynamically enable window occlusion 0
1717620511773	Marionette	INFO	Marionette enabled
1717620511815	Marionette	INFO	Listening on port 57442
WebDriver BiDi listening on ws://127.0.0.1:57435
Read port: 57442
1717620511930	RemoteAgent	WARN	TLS certificate errors will be ignored for this session
DevTools listening on ws://127.0.0.1:57435/devtools/browser/5bbe0527-875d-4449-ade4-08b623a11eca
1717620514357	Marionette	WARN	Ignoring event 'DOMContentLoaded' because document has an invalid readyState of 'complete'.
1717620541811	addons.xpi	ERROR	System addon update list error SyntaxError: XMLHttpRequest.open: 'http://%(server)s/dummy-system-addons.xml' is not a valid URL.
1717620571529	Marionette	INFO	Stopped listening on port 57442
JavaScript warning: https://www.google.com/js/th/VrBmDepD36QM8NT_x8JgUX-5bgPMOWwOCLvNueWdGWw.js line 2 > eval line 2121 > eval line 1 > eval line 1 > eval, line 1: WEBGL_debug_renderer_info is deprecated in Firefox and will be removed. Please use RENDERER.
JavaScript error: https://www.youtube.com/watch?v=EzFXDvC-EwM&themeRefresh=1, line 12: TypeError: can't access dead object
JavaScript error: https://www.youtube.com/watch?v=EzFXDvC-EwM&themeRefresh=1, line 12: TypeError: can't access dead object
JavaScript error: https://www.youtube.com/watch?v=EzFXDvC-EwM&themeRefresh=1, line 12: TypeError: can't access dead object
JavaScript error: https://www.youtube.com/watch?v=EzFXDvC-EwM&themeRefresh=1, line 12: TypeError: can't access dead object
Dynamically enable window occlusion 1
JavaScript error: https://www.youtube.com/watch?v=EzFXDvC-EwM&themeRefresh=1, line 12: TypeError: can't access dead object
JavaScript error: https://www.youtube.com/watch?v=EzFXDvC-EwM&themeRefresh=1, line 12: TypeError: can't access dead object
console.warn: "Async method failed in safeAsyncMethod" (new Error("Connection closed, pending request to server0.conn0.process3//customhighlighter401, type hide failed\n\nRequest stack:\nrequest@resource://devtools/shared/protocol/Front.js:299:14\ngenerateRequestMethods/</frontProto[name]@resource://devtools/shared/protocol/Front/FrontClassWithSpec.js:47:19\nhide@resource://devtools/client/fronts/highlighters.js:36:18\nexports.safeAsyncMethod/<@resource://devtools/shared/async-utils.js:61:25\nhideHighlighterType@resource://devtools/client/inspector/shared/highlighters-overlay.js:650:23\nexports.safeAsyncMethod/<@resource://devtools/shared/async-utils.js:61:25\n_hideBoxModel@resource://devtools/client/inspector/markup/markup.js:794:40\n_onMouseOut@resource://devtools/client/inspector/markup/markup.js:762:16\nobserve@resource://gre/modules/AsyncShutdown.sys.mjs:569:17\nquit@chrome://remote/content/shared/Browser.sys.mjs:94:22\nGeckoDriver.prototype.quit@chrome://remote/content/marionette/driver.sys.mjs:2923:42\ndespatch@chrome://remote/content/marionette/server.sys.mjs:318:40\nexecute@chrome://remote/content/marionette/server.sys.mjs:289:16\nonPacket/<@chrome://remote/content/marionette/server.sys.mjs:262:20\nonPacket@chrome://remote/content/marionette/server.sys.mjs:263:9\n_onJSONObjectReady/<@chrome://remote/content/marionette/transport.sys.mjs:494:20\n", "resource://devtools/shared/protocol/Front.js", 105))
JavaScript error: https://www.google.com/js/th/VrBmDepD36QM8NT_x8JgUX-5bgPMOWwOCLvNueWdGWw.js line 2 > eval, line 3385: TypeError: can't access dead object
JavaScript error: https://www.google.com/js/th/VrBmDepD36QM8NT_x8JgUX-5bgPMOWwOCLvNueWdGWw.js line 2 > eval, line 2121: TypeError: can't access dead object
JavaScript error: https://www.youtube.com/watch?v=EzFXDvC-EwM&themeRefresh=1, line 12: TypeError: can't access dead object
JavaScript error: https://www.youtube.com/watch?v=EzFXDvC-EwM&themeRefresh=1, line 12: TypeError: can't access dead object
JavaScript error: https://www.youtube.com/watch?v=EzFXDvC-EwM&themeRefresh=1, line 12: TypeError: can't access dead object
JavaScript error: https://www.youtube.com/watch?v=EzFXDvC-EwM&themeRefresh=1, line 12: TypeError: can't access dead object
JavaScript error: https://www.youtube.com/watch?v=EzFXDvC-EwM&themeRefresh=1, line 12: TypeError: can't access dead object
JavaScript error: https://www.youtube.com/watch?v=EzFXDvC-EwM&themeRefresh=1, line 12: TypeError: can't access dead object
JavaScript error: , line 0: NotFoundError: No such JSProcessActor 'DevToolsProcess'
JavaScript error: , line 0: NotFoundError: No such JSProcessActor 'DevToolsProcess'
JavaScript error: , line 0: NotFoundError: No such JSProcessActor 'DevToolsProcess'
JavaScript error: , line 0: NotFoundError: No such JSProcessActor 'DevToolsProcess'
JavaScript error: , line 0: NotFoundError: No such JSProcessActor 'DevToolsProcess'
JavaScript error: , line 0: NotFoundError: No such JSProcessActor 'DevToolsProcess'
JavaScript error: , line 0: NotFoundError: No such JSProcessActor 'DevToolsProcess'
JavaScript error: , line 0: NotFoundError: No such JSProcessActor 'DevToolsProcess'
JavaScript error: , line 0: NotFoundError: No such JSProcessActor 'DevToolsProcess'
JavaScript error: , line 0: NotFoundError: No such JSProcessActor 'DevToolsProcess'
JavaScript error: , line 0: NotFoundError: No such JSProcessActor 'DevToolsProcess'
JavaScript error: , line 0: NotFoundError: No such JSProcessActor 'DevToolsProcess'
JavaScript error: , line 0: NotFoundError: No such JSProcessActor 'DevToolsProcess'
JavaScript error: , line 0: NotFoundError: No such JSProcessActor 'DevToolsProcess'
*** UTM:SVC TimerManager:registerTimer called after profile-before-change notification. Ignoring timer registration for id: telemetry_modules_ping
*** UTM:SVC TimerManager:registerTimer called after profile-before-change notification. Ignoring timer registration for id: telemetry_untrustedmodules_ping
1717620638278	geckodriver	INFO	Listening on 127.0.0.1:57530
1717620641333	mozrunner::runner	INFO	Running command: "C:\\Program Files\\Mozilla Firefox\\firefox.exe" "--marionette" "--remote-debugging-port" "57531" "--remote-allow-hosts" "localhost" "-no-remote" "-profile" "C:\\Users\\golf3\\AppData\\Local\\Temp\\rust_mozprofileEFYVIp"
console.warn: services.settings: Ignoring preference override of remote settings server
console.warn: services.settings: Allow by setting MOZ_REMOTE_SETTINGS_DEVTOOLS=1 in the environment
Dynamically enable window occlusion 0
1717620641538	Marionette	INFO	Marionette enabled
1717620641582	Marionette	INFO	Listening on port 57538
WebDriver BiDi listening on ws://127.0.0.1:57531
Read port: 57538
1717620641702	RemoteAgent	WARN	TLS certificate errors will be ignored for this session
DevTools listening on ws://127.0.0.1:57531/devtools/browser/cf5e0dc4-1128-4e24-9cc7-e98edfa086b1
Exiting due to channel error.
Exiting due to channel error.
Exiting due to channel error.
Exiting due to channel error.
1717620675845	geckodriver	INFO	Listening on 127.0.0.1:57595
1717620678898	mozrunner::runner	INFO	Running command: "C:\\Program Files\\Mozilla Firefox\\firefox.exe" "--marionette" "--remote-debugging-port" "57596" "--remote-allow-hosts" "localhost" "-no-remote" "-profile" "C:\\Users\\golf3\\AppData\\Local\\Temp\\rust_mozprofile4sPlc4"
console.warn: services.settings: Ignoring preference override of remote settings server
console.warn: services.settings: Allow by setting MOZ_REMOTE_SETTINGS_DEVTOOLS=1 in the environment
Dynamically enable window occlusion 0
1717620679082	Marionette	INFO	Marionette enabled
1717620679124	Marionette	INFO	Listening on port 57603
WebDriver BiDi listening on ws://127.0.0.1:57596
Read port: 57603
1717620679236	RemoteAgent	WARN	TLS certificate errors will be ignored for this session
DevTools listening on ws://127.0.0.1:57596/devtools/browser/24c7b321-ec0a-4eb7-8c77-d9f7f8a39885
1717620681758	Marionette	WARN	Ignoring event 'DOMContentLoaded' because document has an invalid readyState of 'complete'.
1717620709103	addons.xpi	ERROR	System addon update list error SyntaxError: XMLHttpRequest.open: 'http://%(server)s/dummy-system-addons.xml' is not a valid URL.
Exiting due to channel error.
Exiting due to channel error.
Exiting due to channel error.
1717620782033	geckodriver	INFO	Listening on 127.0.0.1:57667
1717620785092	mozrunner::runner	INFO	Running command: "C:\\Program Files\\Mozilla Firefox\\firefox.exe" "--marionette" "--remote-debugging-port" "57668" "--remote-allow-hosts" "localhost" "-no-remote" "-profile" "C:\\Users\\golf3\\AppData\\Local\\Temp\\rust_mozprofileb7LkMh"
console.warn: services.settings: Ignoring preference override of remote settings server
console.warn: services.settings: Allow by setting MOZ_REMOTE_SETTINGS_DEVTOOLS=1 in the environment
Dynamically enable window occlusion 0
1717620785285	Marionette	INFO	Marionette enabled
1717620785325	Marionette	INFO	Listening on port 57675
WebDriver BiDi listening on ws://127.0.0.1:57668
Read port: 57675
1717620785886	RemoteAgent	WARN	TLS certificate errors will be ignored for this session
DevTools listening on ws://127.0.0.1:57668/devtools/browser/c44f44ea-cd17-497f-b0c8-0dd4d1e9c92b
console.error: (new TypeError("this._searchProviderInfo is null", "resource:///modules/SearchSERPTelemetry.sys.mjs", 945))
1717620816288	addons.xpi	ERROR	System addon update list error SyntaxError: XMLHttpRequest.open: 'http://%(server)s/dummy-system-addons.xml' is not a valid URL.
Exiting due to channel error.
Exiting due to channel error.
Exiting due to channel error.
Exiting due to channel error.
Exiting due to channel error.
1717620820821	geckodriver	INFO	Listening on 127.0.0.1:57746
1717620823877	mozrunner::runner	INFO	Running command: "C:\\Program Files\\Mozilla Firefox\\firefox.exe" "--marionette" "--remote-debugging-port" "57747" "--remote-allow-hosts" "localhost" "-no-remote" "-profile" "C:\\Users\\golf3\\AppData\\Local\\Temp\\rust_mozprofileKFseVW"
console.warn: services.settings: Ignoring preference override of remote settings server
console.warn: services.settings: Allow by setting MOZ_REMOTE_SETTINGS_DEVTOOLS=1 in the environment
Dynamically enable window occlusion 0
1717620824069	Marionette	INFO	Marionette enabled
1717620824111	Marionette	INFO	Listening on port 57754
WebDriver BiDi listening on ws://127.0.0.1:57747
Read port: 57754
1717620824223	RemoteAgent	WARN	TLS certificate errors will be ignored for this session
DevTools listening on ws://127.0.0.1:57747/devtools/browser/2ee8d16b-a4d6-4511-85e4-938d81e0949b
Exiting due to channel error.
Exiting due to channel error.
Exiting due to channel error.
1717620851599	geckodriver	INFO	Listening on 127.0.0.1:57810
1717620854658	mozrunner::runner	INFO	Running command: "C:\\Program Files\\Mozilla Firefox\\firefox.exe" "--marionette" "--remote-debugging-port" "57811" "--remote-allow-hosts" "localhost" "-no-remote" "-profile" "C:\\Users\\golf3\\AppData\\Local\\Temp\\rust_mozprofiletBMNrA"
console.warn: services.settings: Ignoring preference override of remote settings server
console.warn: services.settings: Allow by setting MOZ_REMOTE_SETTINGS_DEVTOOLS=1 in the environment
Dynamically enable window occlusion 0
1717620854848	Marionette	INFO	Marionette enabled
1717620854890	Marionette	INFO	Listening on port 57818
WebDriver BiDi listening on ws://127.0.0.1:57811
Read port: 57818
1717620855005	RemoteAgent	WARN	TLS certificate errors will be ignored for this session
DevTools listening on ws://127.0.0.1:57811/devtools/browser/bc8f6b87-b54e-4e09-936b-db0720a9bcb9
1717620857673	Marionette	WARN	Ignoring event 'DOMContentLoaded' because document has an invalid readyState of 'complete'.
JavaScript warning: https://www.google.com/js/th/VrBmDepD36QM8NT_x8JgUX-5bgPMOWwOCLvNueWdGWw.js line 2 > eval line 5441 > eval line 1 > eval line 1 > eval, line 1: WEBGL_debug_renderer_info is deprecated in Firefox and will be removed. Please use RENDERER.
1717620878172	Marionette	INFO	Stopped listening on port 57818
JavaScript warning: https://www.google.com/js/th/VrBmDepD36QM8NT_x8JgUX-5bgPMOWwOCLvNueWdGWw.js line 2 > eval line 2388 > eval line 1 > eval line 1 > eval, line 1: WEBGL_debug_renderer_info is deprecated in Firefox and will be removed. Please use RENDERER.
JavaScript warning: https://www.youtube.com/s/desktop/f8c8418d/jsbin/desktop_polymer.vflset/desktop_polymer.js, line 1754: Script terminated by timeout at:
Vsa/this.done</<@https://www.youtube.com/s/desktop/f8c8418d/jsbin/desktop_polymer.vflset/desktop_polymer.js:1754:174

Dynamically enable window occlusion 1
JavaScript error: https://www.youtube.com/watch?v=EzFXDvC-EwM, line 12: TypeError: can't access dead object
JavaScript error: https://www.youtube.com/watch?v=EzFXDvC-EwM, line 12: TypeError: can't access dead object
JavaScript error: https://www.youtube.com/watch?v=EzFXDvC-EwM, line 12: TypeError: can't access dead object
JavaScript error: https://www.youtube.com/watch?v=EzFXDvC-EwM, line 12: TypeError: can't access dead object
JavaScript error: https://www.youtube.com/watch?v=EzFXDvC-EwM, line 12: TypeError: can't access dead object
JavaScript error: https://www.youtube.com/watch?v=EzFXDvC-EwM, line 12: TypeError: can't access dead object
JavaScript error: https://www.youtube.com/watch?v=EzFXDvC-EwM, line 12: TypeError: can't access dead object
JavaScript error: https://www.google.com/js/th/VrBmDepD36QM8NT_x8JgUX-5bgPMOWwOCLvNueWdGWw.js line 2 > eval, line 4513: TypeError: can't access dead object
JavaScript error: https://www.google.com/js/th/VrBmDepD36QM8NT_x8JgUX-5bgPMOWwOCLvNueWdGWw.js line 2 > eval, line 2388: TypeError: can't access dead object
1717620901882	geckodriver	INFO	Listening on 127.0.0.1:57900
1717620904949	mozrunner::runner	INFO	Running command: "C:\\Program Files\\Mozilla Firefox\\firefox.exe" "--marionette" "--remote-debugging-port" "57901" "--remote-allow-hosts" "localhost" "-no-remote" "-profile" "C:\\Users\\golf3\\AppData\\Local\\Temp\\rust_mozprofileOIYvhW"
console.warn: services.settings: Ignoring preference override of remote settings server
console.warn: services.settings: Allow by setting MOZ_REMOTE_SETTINGS_DEVTOOLS=1 in the environment
Dynamically enable window occlusion 0
1717620905141	Marionette	INFO	Marionette enabled
1717620905181	Marionette	INFO	Listening on port 57908
WebDriver BiDi listening on ws://127.0.0.1:57901
Read port: 57908
1717620905285	RemoteAgent	WARN	TLS certificate errors will be ignored for this session
DevTools listening on ws://127.0.0.1:57901/devtools/browser/7798fb9a-9445-4ff2-8c0c-29623cac7f45
1717620907801	Marionette	WARN	Ignoring event 'DOMContentLoaded' because document has an invalid readyState of 'complete'.
JavaScript warning: https://www.google.com/js/th/VrBmDepD36QM8NT_x8JgUX-5bgPMOWwOCLvNueWdGWw.js line 2 > eval line 1396 > eval line 1 > eval line 1 > eval, line 1: WEBGL_debug_renderer_info is deprecated in Firefox and will be removed. Please use RENDERER.
1717620918993	Marionette	INFO	Stopped listening on port 57908
JavaScript warning: https://www.google.com/js/th/VrBmDepD36QM8NT_x8JgUX-5bgPMOWwOCLvNueWdGWw.js line 2 > eval line 5526 > eval line 1 > eval line 1 > eval, line 1: WEBGL_debug_renderer_info is deprecated in Firefox and will be removed. Please use RENDERER.
JavaScript warning: https://www.youtube.com/s/desktop/f8c8418d/jsbin/desktop_polymer.vflset/desktop_polymer.js, line 1754: Script terminated by timeout at:
Vsa/this.done</<@https://www.youtube.com/s/desktop/f8c8418d/jsbin/desktop_polymer.vflset/desktop_polymer.js:1754:177

JavaScript error: https://www.youtube.com/watch?v=EzFXDvC-EwM, line 12: TypeError: can't access dead object
Dynamically enable window occlusion 1
JavaScript error: https://www.youtube.com/watch?v=EzFXDvC-EwM, line 12: TypeError: can't access dead object
JavaScript error: https://www.youtube.com/watch?v=EzFXDvC-EwM, line 12: TypeError: can't access dead object
JavaScript error: https://www.youtube.com/watch?v=EzFXDvC-EwM, line 12: TypeError: can't access dead object
JavaScript error: https://www.google.com/js/th/VrBmDepD36QM8NT_x8JgUX-5bgPMOWwOCLvNueWdGWw.js line 2 > eval, line 3655: TypeError: can't access dead object
JavaScript error: https://www.google.com/js/th/VrBmDepD36QM8NT_x8JgUX-5bgPMOWwOCLvNueWdGWw.js line 2 > eval, line 5526: TypeError: can't access dead object
!!! error running onStopped callback: TypeError: callback is not a function
1717620971023	geckodriver	INFO	Listening on 127.0.0.1:57980
1717620974094	mozrunner::runner	INFO	Running command: "C:\\Program Files\\Mozilla Firefox\\firefox.exe" "--marionette" "--remote-debugging-port" "57981" "--remote-allow-hosts" "localhost" "-no-remote" "-profile" "C:\\Users\\golf3\\AppData\\Local\\Temp\\rust_mozprofile5J4a2w"
console.warn: services.settings: Ignoring preference override of remote settings server
console.warn: services.settings: Allow by setting MOZ_REMOTE_SETTINGS_DEVTOOLS=1 in the environment
Dynamically enable window occlusion 0
1717620974281	Marionette	INFO	Marionette enabled
1717620974323	Marionette	INFO	Listening on port 57988
WebDriver BiDi listening on ws://127.0.0.1:57981
Read port: 57988
1717620974429	RemoteAgent	WARN	TLS certificate errors will be ignored for this session
DevTools listening on ws://127.0.0.1:57981/devtools/browser/59d17f5e-f82a-4593-b873-d16bbc988e7c
1717620976895	Marionette	WARN	Ignoring event 'DOMContentLoaded' because document has an invalid readyState of 'complete'.
[Child 16444, MediaDecoderStateMachine #1] WARNING: 17d01084ca0 Could not set cubeb stream name.: file /builds/worker/checkouts/gecko/dom/media/AudioStream.cpp:320
JavaScript error: resource://gre/modules/PictureInPicture.sys.mjs, line 189: TypeError: player is null
Exiting due to channel error.
Exiting due to channel error.
Exiting due to channel error.
Exiting due to channel error.
Exiting due to channel error.
1717620992348	geckodriver	INFO	Listening on 127.0.0.1:58044
1717620995380	mozrunner::runner	INFO	Running command: "C:\\Program Files\\Mozilla Firefox\\firefox.exe" "--marionette" "--remote-debugging-port" "58045" "--remote-allow-hosts" "localhost" "-no-remote" "-profile" "C:\\Users\\golf3\\AppData\\Local\\Temp\\rust_mozprofilelOJnNr"
console.warn: services.settings: Ignoring preference override of remote settings server
console.warn: services.settings: Allow by setting MOZ_REMOTE_SETTINGS_DEVTOOLS=1 in the environment
Dynamically enable window occlusion 0
1717620995569	Marionette	INFO	Marionette enabled
1717620995611	Marionette	INFO	Listening on port 58053
WebDriver BiDi listening on ws://127.0.0.1:58045
Read port: 58053
1717620995750	RemoteAgent	WARN	TLS certificate errors will be ignored for this session
DevTools listening on ws://127.0.0.1:58045/devtools/browser/7dd6b2a5-088a-4579-896e-ce95b6d2ae28
1717620998384	Marionette	WARN	Ignoring event 'DOMContentLoaded' because document has an invalid readyState of 'complete'.
1717621026943	addons.xpi	ERROR	System addon update list error SyntaxError: XMLHttpRequest.open: 'http://%(server)s/dummy-system-addons.xml' is not a valid URL.
Exiting due to channel error.
Exiting due to channel error.
Exiting due to channel error.
1717621073140	geckodriver	INFO	Listening on 127.0.0.1:58139
1717621076182	mozrunner::runner	INFO	Running command: "C:\\Program Files\\Mozilla Firefox\\firefox.exe" "--marionette" "--remote-debugging-port" "58140" "--remote-allow-hosts" "localhost" "-no-remote" "-profile" "C:\\Users\\golf3\\AppData\\Local\\Temp\\rust_mozprofile4fzT9Y"
console.warn: services.settings: Ignoring preference override of remote settings server
console.warn: services.settings: Allow by setting MOZ_REMOTE_SETTINGS_DEVTOOLS=1 in the environment
Dynamically enable window occlusion 0
1717621076377	Marionette	INFO	Marionette enabled
1717621076418	Marionette	INFO	Listening on port 58147
WebDriver BiDi listening on ws://127.0.0.1:58140
Read port: 58147
1717621076524	RemoteAgent	WARN	TLS certificate errors will be ignored for this session
DevTools listening on ws://127.0.0.1:58140/devtools/browser/0df7af4b-5b26-4758-b98b-452d4ff80840
1717621078868	Marionette	WARN	Ignoring event 'DOMContentLoaded' because document has an invalid readyState of 'complete'.
JavaScript warning: https://www.google.com/js/th/VrBmDepD36QM8NT_x8JgUX-5bgPMOWwOCLvNueWdGWw.js line 2 > eval line 5066 > eval line 1 > eval line 1 > eval, line 1: WEBGL_debug_renderer_info is deprecated in Firefox and will be removed. Please use RENDERER.
JavaScript warning: https://www.google.com/js/th/VrBmDepD36QM8NT_x8JgUX-5bgPMOWwOCLvNueWdGWw.js line 2 > eval line 6846 > eval line 1 > eval line 1 > eval, line 1: WEBGL_debug_renderer_info is deprecated in Firefox and will be removed. Please use RENDERER.
JavaScript warning: https://www.youtube.com/s/desktop/f8c8418d/jsbin/desktop_polymer.vflset/desktop_polymer.js, line 2660: Script terminated by timeout at:
nq.prototype.transition@https://www.youtube.com/s/desktop/f8c8418d/jsbin/desktop_polymer.vflset/desktop_polymer.js:2660:33
BO/<@https://www.youtube.com/s/desktop/f8c8418d/jsbin/desktop_polymer.vflset/desktop_polymer.js:11438:114

1717621105905	Marionette	INFO	Stopped listening on port 58147
Dynamically enable window occlusion 1
1717621262123	geckodriver	INFO	Listening on 127.0.0.1:58240
1717621265152	mozrunner::runner	INFO	Running command: "C:\\Program Files\\Mozilla Firefox\\firefox.exe" "--marionette" "--remote-debugging-port" "58241" "--remote-allow-hosts" "localhost" "-no-remote" "-profile" "C:\\Users\\golf3\\AppData\\Local\\Temp\\rust_mozprofileLBd1bd"
console.warn: services.settings: Ignoring preference override of remote settings server
console.warn: services.settings: Allow by setting MOZ_REMOTE_SETTINGS_DEVTOOLS=1 in the environment
Dynamically enable window occlusion 0
1717621265364	Marionette	INFO	Marionette enabled
1717621265411	Marionette	INFO	Listening on port 58248
WebDriver BiDi listening on ws://127.0.0.1:58241
Read port: 58248
1717621265535	RemoteAgent	WARN	TLS certificate errors will be ignored for this session
DevTools listening on ws://127.0.0.1:58241/devtools/browser/a59f52fc-74bf-4373-93a4-86d74668ebb2
JavaScript warning: https://www.google.com/js/th/VrBmDepD36QM8NT_x8JgUX-5bgPMOWwOCLvNueWdGWw.js line 2 > eval line 7438 > eval line 1 > eval line 1 > eval, line 1: WEBGL_debug_renderer_info is deprecated in Firefox and will be removed. Please use RENDERER.
Exiting due to channel error.
Exiting due to channel error.
Exiting due to channel error.
Exiting due to channel error.
1717621292377	geckodriver	INFO	Listening on 127.0.0.1:58317
1717621295390	mozrunner::runner	INFO	Running command: "C:\\Program Files\\Mozilla Firefox\\firefox.exe" "--marionette" "--remote-debugging-port" "58318" "--remote-allow-hosts" "localhost" "-no-remote" "-profile" "C:\\Users\\golf3\\AppData\\Local\\Temp\\rust_mozprofileXRUL7L"
console.warn: services.settings: Ignoring preference override of remote settings server
console.warn: services.settings: Allow by setting MOZ_REMOTE_SETTINGS_DEVTOOLS=1 in the environment
Dynamically enable window occlusion 0
1717621295618	Marionette	INFO	Marionette enabled
1717621295672	Marionette	INFO	Listening on port 58325
WebDriver BiDi listening on ws://127.0.0.1:58318
Read port: 58325
1717621295805	RemoteAgent	WARN	TLS certificate errors will be ignored for this session
DevTools listening on ws://127.0.0.1:58318/devtools/browser/877834f9-7486-41d5-b1cf-f734f9f61958
1717621298600	Marionette	WARN	Ignoring event 'DOMContentLoaded' because document has an invalid readyState of 'complete'.
[Child 21900, MediaDecoderStateMachine #1] WARNING: Decoder=1de32aae000 state=DECODING_METADATA Decode metadata failed, shutting down decoder: file /builds/worker/checkouts/gecko/dom/media/MediaDecoderStateMachine.cpp:372
[Child 21900, MediaDecoderStateMachine #1] WARNING: Decoder=1de32aae000 Decode error: NS_ERROR_DOM_MEDIA_METADATA_ERR (0x806e0006) - static MP4Metadata::ResultAndByteBuffer __cdecl mozilla::MP4Metadata::Metadata(ByteStream *): Cannot parse metadata: file /builds/worker/checkouts/gecko/dom/media/MediaDecoderStateMachineBase.cpp:167
JavaScript warning: https://www.google.com/js/th/VrBmDepD36QM8NT_x8JgUX-5bgPMOWwOCLvNueWdGWw.js line 2 > eval line 1758 > eval line 1 > eval line 1 > eval, line 1: WEBGL_debug_renderer_info is deprecated in Firefox and will be removed. Please use RENDERER.
1717621320773	Marionette	INFO	Stopped listening on port 58325
JavaScript warning: https://www.google.com/js/th/VrBmDepD36QM8NT_x8JgUX-5bgPMOWwOCLvNueWdGWw.js line 2 > eval line 3269 > eval line 1 > eval line 1 > eval, line 1: WEBGL_debug_renderer_info is deprecated in Firefox and will be removed. Please use RENDERER.
JavaScript warning: https://www.youtube.com/s/desktop/f8c8418d/jsbin/desktop_polymer.vflset/desktop_polymer.js, line 1754: Script terminated by timeout at:
Vsa/this.done</<@https://www.youtube.com/s/desktop/f8c8418d/jsbin/desktop_polymer.vflset/desktop_polymer.js:1754:174

Dynamically enable window occlusion 1
JavaScript error: https://www.youtube.com/watch?v=EzFXDvC-EwM, line 12: TypeError: can't access dead object
JavaScript error: https://www.youtube.com/watch?v=EzFXDvC-EwM, line 12: TypeError: can't access dead object
JavaScript error: https://www.youtube.com/watch?v=EzFXDvC-EwM, line 12: TypeError: can't access dead object
JavaScript error: https://www.google.com/js/th/VrBmDepD36QM8NT_x8JgUX-5bgPMOWwOCLvNueWdGWw.js line 2 > eval, line 15: TypeError: can't access dead object
JavaScript error: https://www.google.com/js/th/VrBmDepD36QM8NT_x8JgUX-5bgPMOWwOCLvNueWdGWw.js line 2 > eval, line 3269: TypeError: can't access dead object
1717621336357	geckodriver	INFO	Listening on 127.0.0.1:58415
1717621339397	mozrunner::runner	INFO	Running command: "C:\\Program Files\\Mozilla Firefox\\firefox.exe" "--marionette" "--remote-debugging-port" "58416" "--remote-allow-hosts" "localhost" "-no-remote" "-profile" "C:\\Users\\golf3\\AppData\\Local\\Temp\\rust_mozprofilejYCyi2"
console.warn: services.settings: Ignoring preference override of remote settings server
console.warn: services.settings: Allow by setting MOZ_REMOTE_SETTINGS_DEVTOOLS=1 in the environment
Dynamically enable window occlusion 0
1717621339618	Marionette	INFO	Marionette enabled
1717621339672	Marionette	INFO	Listening on port 58423
WebDriver BiDi listening on ws://127.0.0.1:58416
Read port: 58423
1717621339805	RemoteAgent	WARN	TLS certificate errors will be ignored for this session
DevTools listening on ws://127.0.0.1:58416/devtools/browser/71021cb9-54b1-4ede-ad6f-a8f621bcc120
1717621342676	Marionette	WARN	Ignoring event 'DOMContentLoaded' because document has an invalid readyState of 'complete'.
1717621370810	addons.xpi	ERROR	System addon update list error SyntaxError: XMLHttpRequest.open: 'http://%(server)s/dummy-system-addons.xml' is not a valid URL.
1717621448585	Marionette	INFO	Stopped listening on port 58423
JavaScript warning: https://www.google.com/js/th/VrBmDepD36QM8NT_x8JgUX-5bgPMOWwOCLvNueWdGWw.js line 2 > eval line 954 > eval line 1 > eval line 1 > eval, line 1: WEBGL_debug_renderer_info is deprecated in Firefox and will be removed. Please use RENDERER.
JavaScript warning: https://www.youtube.com/s/desktop/f8c8418d/jsbin/desktop_polymer.vflset/desktop_polymer.js, line 1754: Script terminated by timeout at:
Vsa/this.done</<@https://www.youtube.com/s/desktop/f8c8418d/jsbin/desktop_polymer.vflset/desktop_polymer.js:1754:177

JavaScript error: https://www.youtube.com/watch?v=EzFXDvC-EwM&themeRefresh=1, line 12: TypeError: can't access dead object
JavaScript error: https://www.youtube.com/watch?v=EzFXDvC-EwM&themeRefresh=1, line 12: TypeError: can't access dead object
JavaScript error: https://www.youtube.com/watch?v=EzFXDvC-EwM&themeRefresh=1, line 12: TypeError: can't access dead object
JavaScript error: https://www.youtube.com/watch?v=EzFXDvC-EwM&themeRefresh=1, line 12: TypeError: can't access dead object
Dynamically enable window occlusion 1
JavaScript error: https://www.youtube.com/watch?v=EzFXDvC-EwM&themeRefresh=1, line 12: TypeError: can't access dead object
JavaScript error: https://www.youtube.com/watch?v=EzFXDvC-EwM&themeRefresh=1, line 12: TypeError: can't access dead object
JavaScript error: https://www.youtube.com/watch?v=EzFXDvC-EwM&themeRefresh=1, line 12: TypeError: can't access dead object
JavaScript error: https://www.google.com/js/th/VrBmDepD36QM8NT_x8JgUX-5bgPMOWwOCLvNueWdGWw.js line 2 > eval, line 1394: TypeError: can't access dead object
JavaScript error: https://www.google.com/js/th/VrBmDepD36QM8NT_x8JgUX-5bgPMOWwOCLvNueWdGWw.js line 2 > eval, line 954: TypeError: can't access dead object
